<?xml version="1.0" encoding="UTF-8"?>
<!-- Generated by org.testng.reporters.JUnitReportReporter -->
<testsuite skipped="0" hostname="DESKTOP-ON5BG7U" name="com.training.sanity.tests.Script4" tests="9" failures="0" timestamp="03 Jun 2019 14:17:51 GMT" time="15.423" errors="0">
  <testcase name="validLoginTest" time="2.486" classname="com.training.sanity.tests.Script4"/>
  <testcase name="PropertiesTest" time="1.891" classname="com.training.sanity.tests.Script4"/>
  <testcase name="Featuretest" time="1.493" classname="com.training.sanity.tests.Script4"/>
  <testcase name="nameboxTest" time="0.522" classname="com.training.sanity.tests.Script4"/>
  <testcase name="slugtest" time="0.524" classname="com.training.sanity.tests.Script4"/>
  <testcase name="descriptiontest" time="0.566" classname="com.training.sanity.tests.Script4"/>
  <testcase name="addnewtest" time="0.511" classname="com.training.sanity.tests.Script4"/>
  <testcase name="searchtest" time="5.557" classname="com.training.sanity.tests.Script4"/>
  <testcase name="subsearchtest" time="1.873" classname="com.training.sanity.tests.Script4"/>
</testsuite> <!-- com.training.sanity.tests.Script4 -->
