<?xml version="1.0" encoding="UTF-8"?>
<!-- Generated by org.testng.reporters.JUnitReportReporter -->
<testsuite skipped="0" hostname="DESKTOP-ON5BG7U" name="com.training.sanity.tests.Script7" tests="16" failures="0" timestamp="14 Jun 2019 09:58:01 GMT" time="122.299" errors="0">
  <testcase name="validLoginTest" time="3.794" classname="com.training.sanity.tests.Script7"/>
  <testcase name="PropertiesTest" time="1.926" classname="com.training.sanity.tests.Script7"/>
  <testcase name="Featuretest" time="1.713" classname="com.training.sanity.tests.Script7"/>
  <testcase name="nameboxTest" time="0.571" classname="com.training.sanity.tests.Script7"/>
  <testcase name="slugtest" time="0.526" classname="com.training.sanity.tests.Script7"/>
  <testcase name="descriptiontest" time="0.658" classname="com.training.sanity.tests.Script7"/>
  <testcase name="addnewtest" time="0.496" classname="com.training.sanity.tests.Script7"/>
  <testcase name="searchtest" time="4.705" classname="com.training.sanity.tests.Script7"/>
  <testcase name="subsearchtest" time="101.822" classname="com.training.sanity.tests.Script7"/>
  <testcase name="addnewlinkclick" time="3.006" classname="com.training.sanity.tests.Script7"/>
  <testcase name="entertitle" time="0.573" classname="com.training.sanity.tests.Script7"/>
  <testcase name="enterdes" time="0.518" classname="com.training.sanity.tests.Script7"/>
  <testcase name="addedfea" time="0.489" classname="com.training.sanity.tests.Script7"/>
  <testcase name="addedfeaselect" time="0.502" classname="com.training.sanity.tests.Script7"/>
  <testcase name="submitclick" time="0.514" classname="com.training.sanity.tests.Script7"/>
  <testcase name="submitenter" time="0.486" classname="com.training.sanity.tests.Script7"/>
</testsuite> <!-- com.training.sanity.tests.Script7 -->
