<?xml version="1.0" encoding="UTF-8"?>
<!-- Generated by org.testng.reporters.JUnitReportReporter -->
<testsuite skipped="0" hostname="DESKTOP-ON5BG7U" name="com.training.sanity.tests.Script5" tests="7" failures="0" timestamp="03 Jun 2019 14:34:20 GMT" time="125.440" errors="0">
  <testcase name="validLoginTest" time="6.415" classname="com.training.sanity.tests.Script5"/>
  <testcase name="PropertiesTest" time="1.930" classname="com.training.sanity.tests.Script5"/>
  <testcase name="regiontest" time="2.963" classname="com.training.sanity.tests.Script5"/>
  <testcase name="deleteitemTest" time="0.467" classname="com.training.sanity.tests.Script5"/>
  <testcase name="bulkactiontest" time="30.545" classname="com.training.sanity.tests.Script5"/>
  <testcase name="bulckactionselecttest" time="50.546" classname="com.training.sanity.tests.Script5"/>
  <testcase name="applytest" time="32.574" classname="com.training.sanity.tests.Script5"/>
</testsuite> <!-- com.training.sanity.tests.Script5 -->
