<?xml version="1.0" encoding="UTF-8"?>
<!-- Generated by org.testng.reporters.JUnitReportReporter -->
<testsuite skipped="0" hostname="DESKTOP-ON5BG7U" name="com.training.sanity.tests.Script3" tests="7" failures="0" timestamp="03 Jun 2019 13:52:10 GMT" time="123.118" errors="0">
  <testcase name="validLoginTest" time="5.816" classname="com.training.sanity.tests.Script3"/>
  <testcase name="PropertiesTest" time="1.875" classname="com.training.sanity.tests.Script3"/>
  <testcase name="Featuretest" time="1.534" classname="com.training.sanity.tests.Script3"/>
  <testcase name="deleteitemTest" time="0.466" classname="com.training.sanity.tests.Script3"/>
  <testcase name="bulkactiontest" time="30.498" classname="com.training.sanity.tests.Script3"/>
  <testcase name="bulckactionselecttest" time="50.523" classname="com.training.sanity.tests.Script3"/>
  <testcase name="applytest" time="32.406" classname="com.training.sanity.tests.Script3"/>
</testsuite> <!-- com.training.sanity.tests.Script3 -->
