<?xml version="1.0" encoding="UTF-8"?>
<!-- Generated by org.testng.reporters.JUnitReportReporter -->
<testsuite skipped="0" hostname="DESKTOP-ON5BG7U" name="com.training.sanity.tests.Script9" tests="11" failures="0" timestamp="20 Jun 2019 13:53:15 GMT" time="19.701" errors="0">
  <testcase name="validLoginTest" time="3.251" classname="com.training.sanity.tests.Script9"/>
  <testcase name="PropertiesTest" time="1.714" classname="com.training.sanity.tests.Script9"/>
  <testcase name="addnewlinkclick" time="2.907" classname="com.training.sanity.tests.Script9"/>
  <testcase name="entertitle" time="0.516" classname="com.training.sanity.tests.Script9"/>
  <testcase name="enterdes" time="0.520" classname="com.training.sanity.tests.Script9"/>
  <testcase name="addedfea" time="0.541" classname="com.training.sanity.tests.Script9"/>
  <testcase name="addedfeaselect" time="0.448" classname="com.training.sanity.tests.Script9"/>
  <testcase name="regiontest1" time="0.500" classname="com.training.sanity.tests.Script9"/>
  <testcase name="regiontest2" time="0.539" classname="com.training.sanity.tests.Script9"/>
  <testcase name="submitclick" time="0.544" classname="com.training.sanity.tests.Script9"/>
  <testcase name="submitenter" time="8.221" classname="com.training.sanity.tests.Script9"/>
</testsuite> <!-- com.training.sanity.tests.Script9 -->
