<?xml version="1.0" encoding="UTF-8"?>
<!-- Generated by org.testng.reporters.JUnitReportReporter -->
<testsuite skipped="0" hostname="DESKTOP-ON5BG7U" name="com.training.sanity.tests.Script6" tests="12" failures="0" timestamp="07 Jun 2019 12:20:13 GMT" time="23.481" errors="0">
  <testcase name="validLoginTest" time="5.051" classname="com.training.sanity.tests.Script6"/>
  <testcase name="postTest" time="2.189" classname="com.training.sanity.tests.Script6"/>
  <testcase name="addnewposttest" time="4.713" classname="com.training.sanity.tests.Script6"/>
  <testcase name="newtitleTest" time="0.568" classname="com.training.sanity.tests.Script6"/>
  <testcase name="bodyest" time="0.586" classname="com.training.sanity.tests.Script6"/>
  <testcase name="categorytest" time="0.500" classname="com.training.sanity.tests.Script6"/>
  <testcase name="allcategoriestest" time="0.500" classname="com.training.sanity.tests.Script6"/>
  <testcase name="newlaunchtest" time="0.457" classname="com.training.sanity.tests.Script6"/>
  <testcase name="publishexpandtest" time="0.534" classname="com.training.sanity.tests.Script6"/>
  <testcase name="publishtest" time="0.518" classname="com.training.sanity.tests.Script6"/>
  <testcase name="dashboardtest" time="5.516" classname="com.training.sanity.tests.Script6"/>
  <testcase name="activatetest" time="2.349" classname="com.training.sanity.tests.Script6"/>
</testsuite> <!-- com.training.sanity.tests.Script6 -->
